{"/Users/annapawl/Desktop/CODE/Make_School/Front_End/JS_Libraries/Math_Library/src/index.js": {"path":"/Users/annapawl/Desktop/CODE/Make_School/Front_End/JS_Libraries/Math_Library/src/index.js","statementMap":{"0":{"start":{"line":3,"column":0},"end":{"line":3,"column":35}},"1":{"start":{"line":7,"column":0},"end":{"line":9,"column":2}},"2":{"start":{"line":8,"column":4},"end":{"line":8,"column":28}},"3":{"start":{"line":13,"column":0},"end":{"line":15,"column":2}},"4":{"start":{"line":14,"column":4},"end":{"line":14,"column":28}},"5":{"start":{"line":19,"column":0},"end":{"line":21,"column":2}},"6":{"start":{"line":20,"column":4},"end":{"line":20,"column":27}},"7":{"start":{"line":25,"column":0},"end":{"line":32,"column":2}},"8":{"start":{"line":26,"column":22},"end":{"line":26,"column":37}},"9":{"start":{"line":27,"column":24},"end":{"line":27,"column":44}},"10":{"start":{"line":28,"column":24},"end":{"line":28,"column":55}},"11":{"start":{"line":29,"column":22},"end":{"line":29,"column":51}},"12":{"start":{"line":30,"column":21},"end":{"line":30,"column":50}},"13":{"start":{"line":31,"column":4},"end":{"line":31,"column":19}},"14":{"start":{"line":36,"column":0},"end":{"line":38,"column":2}},"15":{"start":{"line":37,"column":4},"end":{"line":37,"column":34}},"16":{"start":{"line":42,"column":0},"end":{"line":44,"column":2}},"17":{"start":{"line":43,"column":4},"end":{"line":43,"column":34}},"18":{"start":{"line":48,"column":0},"end":{"line":50,"column":2}},"19":{"start":{"line":49,"column":4},"end":{"line":49,"column":33}},"20":{"start":{"line":54,"column":0},"end":{"line":56,"column":2}},"21":{"start":{"line":55,"column":4},"end":{"line":55,"column":30}},"22":{"start":{"line":60,"column":0},"end":{"line":63,"column":2}},"23":{"start":{"line":61,"column":19},"end":{"line":61,"column":33}},"24":{"start":{"line":62,"column":4},"end":{"line":62,"column":69}},"25":{"start":{"line":68,"column":0},"end":{"line":72,"column":1}},"26":{"start":{"line":69,"column":14},"end":{"line":69,"column":87}},"27":{"start":{"line":70,"column":14},"end":{"line":70,"column":62}},"28":{"start":{"line":71,"column":4},"end":{"line":71,"column":16}},"29":{"start":{"line":76,"column":0},"end":{"line":78,"column":1}},"30":{"start":{"line":77,"column":4},"end":{"line":77,"column":52}},"31":{"start":{"line":82,"column":0},"end":{"line":84,"column":2}},"32":{"start":{"line":83,"column":4},"end":{"line":83,"column":45}},"33":{"start":{"line":88,"column":0},"end":{"line":90,"column":1}},"34":{"start":{"line":89,"column":4},"end":{"line":89,"column":28}},"35":{"start":{"line":92,"column":0},"end":{"line":94,"column":1}},"36":{"start":{"line":93,"column":4},"end":{"line":93,"column":49}}},"fnMap":{"0":{"name":"(anonymous_0)","decl":{"start":{"line":7,"column":25},"end":{"line":7,"column":26}},"loc":{"start":{"line":7,"column":37},"end":{"line":9,"column":1}},"line":7},"1":{"name":"(anonymous_1)","decl":{"start":{"line":13,"column":29},"end":{"line":13,"column":30}},"loc":{"start":{"line":13,"column":41},"end":{"line":15,"column":1}},"line":13},"2":{"name":"(anonymous_2)","decl":{"start":{"line":19,"column":27},"end":{"line":19,"column":28}},"loc":{"start":{"line":19,"column":39},"end":{"line":21,"column":1}},"line":19},"3":{"name":"(anonymous_3)","decl":{"start":{"line":25,"column":26},"end":{"line":25,"column":27}},"loc":{"start":{"line":25,"column":42},"end":{"line":32,"column":1}},"line":25},"4":{"name":"(anonymous_4)","decl":{"start":{"line":36,"column":28},"end":{"line":36,"column":29}},"loc":{"start":{"line":36,"column":40},"end":{"line":38,"column":1}},"line":36},"5":{"name":"(anonymous_5)","decl":{"start":{"line":42,"column":28},"end":{"line":42,"column":29}},"loc":{"start":{"line":42,"column":40},"end":{"line":44,"column":1}},"line":42},"6":{"name":"(anonymous_6)","decl":{"start":{"line":48,"column":29},"end":{"line":48,"column":30}},"loc":{"start":{"line":48,"column":41},"end":{"line":50,"column":1}},"line":48},"7":{"name":"(anonymous_7)","decl":{"start":{"line":54,"column":27},"end":{"line":54,"column":28}},"loc":{"start":{"line":54,"column":43},"end":{"line":56,"column":1}},"line":54},"8":{"name":"(anonymous_8)","decl":{"start":{"line":60,"column":22},"end":{"line":60,"column":23}},"loc":{"start":{"line":60,"column":51},"end":{"line":63,"column":1}},"line":60},"9":{"name":"(anonymous_9)","decl":{"start":{"line":68,"column":18},"end":{"line":68,"column":19}},"loc":{"start":{"line":68,"column":71},"end":{"line":72,"column":1}},"line":68},"10":{"name":"(anonymous_10)","decl":{"start":{"line":76,"column":16},"end":{"line":76,"column":17}},"loc":{"start":{"line":76,"column":29},"end":{"line":78,"column":1}},"line":76},"11":{"name":"(anonymous_11)","decl":{"start":{"line":82,"column":21},"end":{"line":82,"column":22}},"loc":{"start":{"line":82,"column":41},"end":{"line":84,"column":1}},"line":82},"12":{"name":"(anonymous_12)","decl":{"start":{"line":88,"column":25},"end":{"line":88,"column":26}},"loc":{"start":{"line":88,"column":37},"end":{"line":90,"column":1}},"line":88},"13":{"name":"(anonymous_13)","decl":{"start":{"line":92,"column":21},"end":{"line":92,"column":22}},"loc":{"start":{"line":92,"column":33},"end":{"line":94,"column":1}},"line":92}},"branchMap":{},"s":{"0":1,"1":1,"2":4,"3":1,"4":4,"5":1,"6":4,"7":1,"8":4,"9":4,"10":4,"11":4,"12":4,"13":4,"14":1,"15":4,"16":1,"17":4,"18":1,"19":4,"20":1,"21":3,"22":1,"23":3,"24":3,"25":1,"26":3,"27":3,"28":3,"29":1,"30":3,"31":1,"32":2,"33":1,"34":1,"35":1,"36":1},"f":{"0":4,"1":4,"2":4,"3":4,"4":4,"5":4,"6":4,"7":3,"8":3,"9":3,"10":3,"11":2,"12":1,"13":1},"b":{},"_coverageSchema":"43e27e138ebf9cfc5966b082cf9a028302ed4184","hash":"35b132bf4c498e05805bb7415a5075071c6b540e"}
}
