TN:
SF:/Users/annapawl/Desktop/CODE/Make_School/Front_End/JS_Libraries/Math_Library/src/index.js
FN:7,(anonymous_0)
FN:13,(anonymous_1)
FN:19,(anonymous_2)
FN:25,(anonymous_3)
FN:36,(anonymous_4)
FN:42,(anonymous_5)
FN:48,(anonymous_6)
FN:54,(anonymous_7)
FN:60,(anonymous_8)
FN:68,(anonymous_9)
FN:76,(anonymous_10)
FN:82,(anonymous_11)
FN:88,(anonymous_12)
FN:92,(anonymous_13)
FNF:14
FNH:14
FNDA:4,(anonymous_0)
FNDA:4,(anonymous_1)
FNDA:4,(anonymous_2)
FNDA:4,(anonymous_3)
FNDA:4,(anonymous_4)
FNDA:4,(anonymous_5)
FNDA:4,(anonymous_6)
FNDA:3,(anonymous_7)
FNDA:3,(anonymous_8)
FNDA:3,(anonymous_9)
FNDA:3,(anonymous_10)
FNDA:2,(anonymous_11)
FNDA:1,(anonymous_12)
FNDA:1,(anonymous_13)
DA:3,1
DA:7,1
DA:8,4
DA:13,1
DA:14,4
DA:19,1
DA:20,4
DA:25,1
DA:26,4
DA:27,4
DA:28,4
DA:29,4
DA:30,4
DA:31,4
DA:36,1
DA:37,4
DA:42,1
DA:43,4
DA:48,1
DA:49,4
DA:54,1
DA:55,3
DA:60,1
DA:61,3
DA:62,3
DA:68,1
DA:69,3
DA:70,3
DA:71,3
DA:76,1
DA:77,3
DA:82,1
DA:83,2
DA:88,1
DA:89,1
DA:92,1
DA:93,1
LF:37
LH:37
BRF:0
BRH:0
end_of_record
